<?xml version="1.0" encoding="UTF-8"?>
<testng-results ignored="0" total="1" passed="1" failed="0" skipped="0">
  <reporter-output>
  </reporter-output>
  <suite started-at="2025-05-09T00:16:43 IST" name="API Test Suite" finished-at="2025-05-09T00:16:47 IST" duration-ms="3849">
    <groups>
    </groups>
    <test started-at="2025-05-09T00:16:43 IST" name="User API Tests" finished-at="2025-05-09T00:16:47 IST" duration-ms="3849">
      <class name="tests.UserTests">
        <test-method is-config="true" signature="setupClass()[pri:0, instance:tests.UserTests@58670130]" started-at="2025-05-09T00:16:43 IST" name="setupClass" finished-at="2025-05-09T00:16:44 IST" duration-ms="532" status="PASS">
          <reporter-output>
          </reporter-output>
        </test-method> <!-- setupClass -->
        <test-method is-config="true" signature="setup()[pri:0, instance:tests.UserTests@58670130]" started-at="2025-05-09T00:16:44 IST" name="setup" finished-at="2025-05-09T00:16:44 IST" duration-ms="1" status="PASS">
          <reporter-output>
          </reporter-output>
        </test-method> <!-- setup -->
        <test-method signature="getUser()[pri:0, instance:tests.UserTests@58670130]" started-at="2025-05-09T00:16:44 IST" name="getUser" finished-at="2025-05-09T00:16:47 IST" duration-ms="3160" status="PASS">
          <reporter-output>
          </reporter-output>
        </test-method> <!-- getUser -->
        <test-method is-config="true" signature="tearDown(org.testng.ITestResult)[pri:0, instance:tests.UserTests@58670130]" started-at="2025-05-09T00:16:47 IST" name="tearDown" finished-at="2025-05-09T00:16:47 IST" duration-ms="4" status="PASS">
          <params>
            <param index="0">
              <value>
                <![CDATA[[TestResult name=getUser status=SUCCESS method=UserTests.getUser()[pri:0, instance:tests.UserTests@58670130] output={null}]]]>
              </value>
            </param>
          </params>
          <reporter-output>
          </reporter-output>
        </test-method> <!-- tearDown -->
        <test-method is-config="true" signature="tearDownClass()[pri:0, instance:tests.UserTests@58670130]" started-at="2025-05-09T00:16:47 IST" name="tearDownClass" finished-at="2025-05-09T00:16:47 IST" duration-ms="2" status="PASS">
          <reporter-output>
          </reporter-output>
        </test-method> <!-- tearDownClass -->
      </class> <!-- tests.UserTests -->
    </test> <!-- User API Tests -->
  </suite> <!-- API Test Suite -->
</testng-results>
