<?xml version="1.0" encoding="UTF-8"?>
<testsuite xmlns:xsi="http://www.w3.org/2001/XMLSchema-instance" xsi:noNamespaceSchemaLocation="https://maven.apache.org/surefire/maven-surefire-plugin/xsd/surefire-test-report-3.0.xsd" version="3.0" name="TestSuite" time="5.556" tests="1" errors="0" skipped="0" failures="0">
  <properties>
[...]
</properties>
  <testcase name="getUser" classname="tests.UserTests" time="3.174">
    <system-out><![CDATA[[00:16:43] [main] DEBUG org.testng.TestNG - suiteXmlPath: "E:\restassured-api-framework\testng.xml"
[00:16:43] [main] WARN  org.testng.xml.TestNGContentHandler - It is strongly recommended to add "<!DOCTYPE suite SYSTEM "https://testng.org/testng-1.1.dtd" >" at the top of the suite file [E:\restassured-api-framework\testng.xml] otherwise TestNG may fail or not work as expected.
[00:16:43] [main] WARN  org.testng.TestNG - Ignoring duplicate listener : io.qameta.allure.testng.AllureTestNg
[00:16:43] [main] WARN  org.testng.TestNG - Ignoring duplicate listener : io.qameta.allure.testng.AllureTestNg
[00:16:43] [main] WARN  org.testng.TestNG - Ignoring duplicate listener : io.qameta.allure.testng.AllureTestNg
[00:16:43] [main] INFO  utils.ConfigReader - Configuration properties loaded.
[00:16:44] [main] INFO  testbase.BaseTest - Base URI set to: https://reqres.in
Setting up test execution...
[00:16:44] [main] INFO  testbase.BaseTest - Setting up test execution...
[00:16:44] [main] INFO  tests.UserTests - Starting 'getUser' test...
[00:16:44] [main] INFO  utils.APIUtils - Sending GET request to endpoint: /api/users/2
[00:16:46] [main] INFO  utils.APIUtils - Received response with status code: 200
[00:16:46] [main] INFO  tests.UserTests - Received response with status code: 200
[00:16:47] [main] INFO  tests.UserTests - 'getUser' test completed successfully.
]]></system-out>
  </testcase>
</testsuite>