<?xml version="1.0" encoding="UTF-8"?>
<!-- Generated by org.testng.reporters.JUnitXMLReporter -->
<testsuite ignored="0" hostname="HanumeshMalagi" failures="0" tests="5" name="User API Tests" time="6.557" errors="0" timestamp="2025-05-13T18:05:43 IST">
  <testcase classname="tests.UserTests" name="createUser" time="3.927"/>
  <testcase classname="tests.UserTests" name="deleteUser" time="0.817"/>
  <testcase classname="tests.UserTests" name="getUser" time="0.236"/>
  <testcase classname="tests.UserTests" name="testBaseUri" time="0.006"/>
  <testcase classname="tests.UserTests" name="updateUser" time="0.661"/>
</testsuite> <!-- User API Tests -->
