<?xml version="1.0" encoding="UTF-8"?>
<testng-results ignored="0" total="5" passed="5" failed="0" skipped="0">
  <reporter-output>
  </reporter-output>
  <suite started-at="2025-05-13T18:05:36 IST" name="API Test Suite" finished-at="2025-05-13T18:05:43 IST" duration-ms="6557">
    <groups>
    </groups>
    <test started-at="2025-05-13T18:05:36 IST" name="User API Tests" finished-at="2025-05-13T18:05:43 IST" duration-ms="6557">
      <class name="tests.UserTests">
        <test-method is-config="true" signature="setupClass()[pri:0, instance:tests.UserTests@59aa20b3]" started-at="2025-05-13T18:05:36 IST" name="setupClass" finished-at="2025-05-13T18:05:37 IST" duration-ms="632" status="PASS">
          <reporter-output>
          </reporter-output>
        </test-method> <!-- setupClass -->
        <test-method is-config="true" signature="setup()[pri:0, instance:tests.UserTests@59aa20b3]" started-at="2025-05-13T18:05:37 IST" name="setup" finished-at="2025-05-13T18:05:37 IST" duration-ms="1" status="PASS">
          <reporter-output>
          </reporter-output>
        </test-method> <!-- setup -->
        <test-method signature="createUser()[pri:0, instance:tests.UserTests@59aa20b3]" started-at="2025-05-13T18:05:37 IST" name="createUser" finished-at="2025-05-13T18:05:41 IST" duration-ms="3927" status="PASS">
          <reporter-output>
          </reporter-output>
        </test-method> <!-- createUser -->
        <test-method is-config="true" signature="tearDown(org.testng.ITestResult)[pri:0, instance:tests.UserTests@59aa20b3]" started-at="2025-05-13T18:05:41 IST" name="tearDown" finished-at="2025-05-13T18:05:41 IST" duration-ms="5" status="PASS">
          <params>
            <param index="0">
              <value>
                <![CDATA[[TestResult name=createUser status=SUCCESS method=UserTests.createUser()[pri:0, instance:tests.UserTests@59aa20b3] output={null}]]]>
              </value>
            </param>
          </params>
          <reporter-output>
          </reporter-output>
        </test-method> <!-- tearDown -->
        <test-method is-config="true" signature="setup()[pri:0, instance:tests.UserTests@59aa20b3]" started-at="2025-05-13T18:05:41 IST" name="setup" finished-at="2025-05-13T18:05:41 IST" duration-ms="2" status="PASS">
          <reporter-output>
          </reporter-output>
        </test-method> <!-- setup -->
        <test-method signature="deleteUser()[pri:0, instance:tests.UserTests@59aa20b3]" started-at="2025-05-13T18:05:41 IST" name="deleteUser" finished-at="2025-05-13T18:05:42 IST" duration-ms="817" status="PASS">
          <reporter-output>
          </reporter-output>
        </test-method> <!-- deleteUser -->
        <test-method is-config="true" signature="tearDown(org.testng.ITestResult)[pri:0, instance:tests.UserTests@59aa20b3]" started-at="2025-05-13T18:05:42 IST" name="tearDown" finished-at="2025-05-13T18:05:42 IST" duration-ms="1" status="PASS">
          <params>
            <param index="0">
              <value>
                <![CDATA[[TestResult name=deleteUser status=SUCCESS method=UserTests.deleteUser()[pri:0, instance:tests.UserTests@59aa20b3] output={null}]]]>
              </value>
            </param>
          </params>
          <reporter-output>
          </reporter-output>
        </test-method> <!-- tearDown -->
        <test-method is-config="true" signature="setup()[pri:0, instance:tests.UserTests@59aa20b3]" started-at="2025-05-13T18:05:42 IST" name="setup" finished-at="2025-05-13T18:05:42 IST" duration-ms="3" status="PASS">
          <reporter-output>
          </reporter-output>
        </test-method> <!-- setup -->
        <test-method signature="getUser()[pri:0, instance:tests.UserTests@59aa20b3]" started-at="2025-05-13T18:05:42 IST" name="getUser" finished-at="2025-05-13T18:05:42 IST" duration-ms="236" status="PASS">
          <reporter-output>
          </reporter-output>
        </test-method> <!-- getUser -->
        <test-method is-config="true" signature="tearDown(org.testng.ITestResult)[pri:0, instance:tests.UserTests@59aa20b3]" started-at="2025-05-13T18:05:42 IST" name="tearDown" finished-at="2025-05-13T18:05:42 IST" duration-ms="1" status="PASS">
          <params>
            <param index="0">
              <value>
                <![CDATA[[TestResult name=getUser status=SUCCESS method=UserTests.getUser()[pri:0, instance:tests.UserTests@59aa20b3] output={null}]]]>
              </value>
            </param>
          </params>
          <reporter-output>
          </reporter-output>
        </test-method> <!-- tearDown -->
        <test-method is-config="true" signature="setup()[pri:0, instance:tests.UserTests@59aa20b3]" started-at="2025-05-13T18:05:42 IST" name="setup" finished-at="2025-05-13T18:05:42 IST" duration-ms="1" status="PASS">
          <reporter-output>
          </reporter-output>
        </test-method> <!-- setup -->
        <test-method signature="testBaseUri()[pri:0, instance:tests.UserTests@59aa20b3]" started-at="2025-05-13T18:05:42 IST" name="testBaseUri" finished-at="2025-05-13T18:05:42 IST" duration-ms="6" status="PASS">
          <reporter-output>
          </reporter-output>
        </test-method> <!-- testBaseUri -->
        <test-method is-config="true" signature="tearDown(org.testng.ITestResult)[pri:0, instance:tests.UserTests@59aa20b3]" started-at="2025-05-13T18:05:42 IST" name="tearDown" finished-at="2025-05-13T18:05:42 IST" duration-ms="2" status="PASS">
          <params>
            <param index="0">
              <value>
                <![CDATA[[TestResult name=testBaseUri status=SUCCESS method=UserTests.testBaseUri()[pri:0, instance:tests.UserTests@59aa20b3] output={null}]]]>
              </value>
            </param>
          </params>
          <reporter-output>
          </reporter-output>
        </test-method> <!-- tearDown -->
        <test-method is-config="true" signature="setup()[pri:0, instance:tests.UserTests@59aa20b3]" started-at="2025-05-13T18:05:42 IST" name="setup" finished-at="2025-05-13T18:05:42 IST" duration-ms="1" status="PASS">
          <reporter-output>
          </reporter-output>
        </test-method> <!-- setup -->
        <test-method signature="updateUser()[pri:0, instance:tests.UserTests@59aa20b3]" started-at="2025-05-13T18:05:42 IST" name="updateUser" finished-at="2025-05-13T18:05:43 IST" duration-ms="661" status="PASS">
          <reporter-output>
          </reporter-output>
        </test-method> <!-- updateUser -->
        <test-method is-config="true" signature="tearDown(org.testng.ITestResult)[pri:0, instance:tests.UserTests@59aa20b3]" started-at="2025-05-13T18:05:43 IST" name="tearDown" finished-at="2025-05-13T18:05:43 IST" duration-ms="1" status="PASS">
          <params>
            <param index="0">
              <value>
                <![CDATA[[TestResult name=updateUser status=SUCCESS method=UserTests.updateUser()[pri:0, instance:tests.UserTests@59aa20b3] output={null}]]]>
              </value>
            </param>
          </params>
          <reporter-output>
          </reporter-output>
        </test-method> <!-- tearDown -->
        <test-method is-config="true" signature="tearDownClass()[pri:0, instance:tests.UserTests@59aa20b3]" started-at="2025-05-13T18:05:43 IST" name="tearDownClass" finished-at="2025-05-13T18:05:43 IST" duration-ms="4" status="PASS">
          <reporter-output>
          </reporter-output>
        </test-method> <!-- tearDownClass -->
      </class> <!-- tests.UserTests -->
    </test> <!-- User API Tests -->
  </suite> <!-- API Test Suite -->
</testng-results>
