<?xml version="1.0" encoding="UTF-8"?>
<!-- Generated by org.testng.reporters.JUnitXMLReporter -->
<testsuite ignored="4" hostname="HanumeshMalagi" failures="0" tests="1" name="User API Tests" time="3.849" errors="0" timestamp="2025-05-09T00:16:47 IST">
  <testcase classname="tests.UserTests" name="getUser" time="3.16"/>
  <testcase classname="tests.UserTests" name="updateUser" time="0.0">
    <ignored/>
  </testcase> <!-- updateUser -->
  <testcase classname="tests.UserTests" name="createUser" time="0.0">
    <ignored/>
  </testcase> <!-- createUser -->
  <testcase classname="tests.UserTests" name="testBaseUri" time="0.0">
    <ignored/>
  </testcase> <!-- testBaseUri -->
  <testcase classname="tests.UserTests" name="deleteUser" time="0.0">
    <ignored/>
  </testcase> <!-- deleteUser -->
</testsuite> <!-- User API Tests -->
